Arguments: 
  C:\Program Files\nodejs\node.exe C:\Program Files (x86)\Yarn\bin\yarn.js add react-webcam

PATH: 
  C:\Users\Tanveesh Singh\WebstormProjects\react-quiz\node_modules\.bin;C:\WINDOWS\system32;C:\WINDOWS;C:\WINDOWS\System32\Wbem;C:\WINDOWS\System32\WindowsPowerShell\v1.0\;C:\WINDOWS\System32\OpenSSH\;C:\Program Files\PuTTY\;C:\Program Files\Git\cmd;C:\Users\Tanveesh Singh\.jdks\openjdk-15\bin;C:\Program Files (x86)\Yarn\bin\;C:\groovy-3.0.6\bin;C:\Program Files (x86)\Microsoft SQL Server\150\DTS\Binn\;C:\Flutter\flutter;C:\Flutter\flutter\bin;C:\Program Files\PowerShell\7\;C:\Users\Tanveesh Singh\AppData\Local\Programs\Python\Python310\Scripts;C:\Users\Tanveesh Singh\AppData\Local\Programs\Python\Python310;C:\Users\Tanveesh Singh\AppData\Roaming\nvm;C:\Program Files\nodejs;C:\Users\Tanveesh Singh\AppData\Roaming\nvm;C:\apache-maven-3.8.4\bin;C:\Program Files\PostgreSQL\13\bin;C:\Users\Tanveesh Singh\.windows-build-tools\python27\;C:\Users\Tanveesh Singh\AppData\Local\Microsoft\WindowsApps;C:\Program Files\JetBrains\WebStorm 2020.2.2\bin;C:\Users\Tanveesh Singh\AppData\Roaming\npm;C:\Users\Tanveesh Singh\AppData\Local\Yarn\bin;C:\Program Files\JetBrains\GoLand 2020.2.3\bin;;C:\Program Files\Azure Data Studio\bin;C:\SQLite3;C:\Users\Tanveesh Singh\go;C:\Users\Tanveesh Singh\AppData\Local\Google\Cloud SDK\google-cloud-sdk\bin;C:\Users\Tanveesh Singh\AppData\Local\Programs\Python\Python310;C:\Users\Tanveesh Singh\AppData\Local\Programs\Python\Python310\Scripts;C:\Users\Tanveesh Singh\AppData\Roaming\nvm;C:\Program Files\nodejs;C:\Users\Tanveesh Singh\AppData\Roaming\nvm;C:\apache-maven-3.8.4\bin;C:\Program Files\PostgreSQL\13\bin

Yarn version: 
  1.22.5

Node version: 
  14.12.0

Platform: 
  win32 x64

Trace: 
  Error: https://registry.yarnpkg.com/@material-ui/icons/-/icons-4.11.2.tgz: ESOCKETTIMEDOUT
      at ClientRequest.<anonymous> (C:\Program Files (x86)\Yarn\lib\cli.js:141376:19)
      at Object.onceWrapper (events.js:420:28)
      at ClientRequest.emit (events.js:314:20)
      at TLSSocket.emitRequestTimeout (_http_client.js:774:9)
      at Object.onceWrapper (events.js:420:28)
      at TLSSocket.emit (events.js:326:22)
      at TLSSocket.Socket._onTimeout (net.js:482:8)
      at listOnTimeout (internal/timers.js:554:17)
      at processTimers (internal/timers.js:497:7)

npm manifest: 
  {
    "name": "react-quiz",
    "version": "0.1.0",
    "private": true,
    "dependencies": {
      "@material-ui/core": "^4.12.3",
      "@material-ui/icons": "^4.11.2",
      "@mui/icons-material": "^5.2.5",
      "@testing-library/jest-dom": "^4.2.4",
      "@testing-library/react": "^9.5.0",
      "@testing-library/user-event": "^7.2.1",
      "axios": "^0.23.0",
      "bootstrap": "^5.1.3",
      "react": "^16.13.1",
      "react-alert": "^7.0.3",
      "react-alert-template-basic": "^1.0.2",
      "react-bootstrap": "^2.1.1",
      "react-dom": "^16.13.1",
      "react-loader-spinner": "^4.0.0",
      "react-router-dom": "^5.3.0",
      "react-scripts": "3.4.1"
    },
    "scripts": {
      "start": "react-scripts start",
      "build": "react-scripts build",
      "test": "react-scripts test",
      "eject": "react-scripts eject"
    },
    "eslintConfig": {
      "extends": "react-app"
    },
    "browserslist": {
      "production": [
        ">0.2%",
        "not dead",
        "not op_mini all"
      ],
      "development": [
        "last 1 chrome version",
        "last 1 firefox version",
        "last 1 safari version"
      ]
    }
  }

yarn manifest: 
  No manifest

Lockfile: 
  No lockfile
